[2023-02-07 08:58:05] production.ERROR: No application encryption key has been specified. {"exception":"[object] (Illuminate\\Encryption\\MissingAppKeyException(code: 0): No application encryption key has been specified. at C:\\Users\\bapti\\OneDrive\\Documents\\IMT\\M1\\projet suivi\\ProjetSuiviStage\\projet-suivi\\vendor\\laravel\\framework\\src\\Illuminate\\Encryption\\EncryptionServiceProvider.php:79)
[stacktrace]
#0 C:\\Users\\bapti\\OneDrive\\Documents\\IMT\\M1\\projet suivi\\ProjetSuiviStage\\projet-suivi\\vendor\\laravel\\framework\\src\\Illuminate\\Support\\helpers.php(306): Illuminate\\Encryption\\EncryptionServiceProvider->Illuminate\\Encryption\\{closure}(NULL)
#1 C:\\Users\\bapti\\OneDrive\\Documents\\IMT\\M1\\projet suivi\\ProjetSuiviStage\\projet-suivi\\vendor\\laravel\\framework\\src\\Illuminate\\Encryption\\EncryptionServiceProvider.php(81): tap(NULL, Object(Closure))
#2 C:\\Users\\bapti\\OneDrive\\Documents\\IMT\\M1\\projet suivi\\ProjetSuiviStage\\projet-suivi\\vendor\\laravel\\framework\\src\\Illuminate\\Encryption\\EncryptionServiceProvider.php(60): Illuminate\\Encryption\\EncryptionServiceProvider->key(Array)
#3 C:\\Users\\bapti\\OneDrive\\Documents\\IMT\\M1\\projet suivi\\ProjetSuiviStage\\projet-suivi\\vendor\\laravel\\framework\\src\\Illuminate\\Encryption\\EncryptionServiceProvider.php(32): Illuminate\\Encryption\\EncryptionServiceProvider->parseKey(Array)
#4 C:\\Users\\bapti\\OneDrive\\Documents\\IMT\\M1\\projet suivi\\ProjetSuiviStage\\projet-suivi\\vendor\\laravel\\framework\\src\\Illuminate\\Container\\Container.php(885): Illuminate\\Encryption\\EncryptionServiceProvider->Illuminate\\Encryption\\{closure}(Object(Illuminate\\Foundation\\Application), Array)
#5 C:\\Users\\bapti\\OneDrive\\Documents\\IMT\\M1\\projet suivi\\ProjetSuiviStage\\projet-suivi\\vendor\\laravel\\framework\\src\\Illuminate\\Container\\Container.php(770): Illuminate\\Container\\Container->build(Object(Closure))
#6 C:\\Users\\bapti\\OneDrive\\Documents\\IMT\\M1\\projet suivi\\ProjetSuiviStage\\projet-suivi\\vendor\\laravel\\framework\\src\\Illuminate\\Foundation\\Application.php(856): Illuminate\\Container\\Container->resolve('encrypter', Array, true)
#7 C:\\Users\\bapti\\OneDrive\\Documents\\IMT\\M1\\projet suivi\\ProjetSuiviStage\\projet-suivi\\vendor\\laravel\\framework\\src\\Illuminate\\Container\\Container.php(706): Illuminate\\Foundation\\Application->resolve('encrypter', Array)
#8 C:\\Users\\bapti\\OneDrive\\Documents\\IMT\\M1\\projet suivi\\ProjetSuiviStage\\projet-suivi\\vendor\\laravel\\framework\\src\\Illuminate\\Foundation\\Application.php(841): Illuminate\\Container\\Container->make('encrypter', Array)
#9 C:\\Users\\bapti\\OneDrive\\Documents\\IMT\\M1\\projet suivi\\ProjetSuiviStage\\projet-suivi\\vendor\\laravel\\framework\\src\\Illuminate\\Container\\Container.php(1043): Illuminate\\Foundation\\Application->make('encrypter')
#10 C:\\Users\\bapti\\OneDrive\\Documents\\IMT\\M1\\projet suivi\\ProjetSuiviStage\\projet-suivi\\vendor\\laravel\\framework\\src\\Illuminate\\Container\\Container.php(959): Illuminate\\Container\\Container->resolveClass(Object(ReflectionParameter))
#11 C:\\Users\\bapti\\OneDrive\\Documents\\IMT\\M1\\projet suivi\\ProjetSuiviStage\\projet-suivi\\vendor\\laravel\\framework\\src\\Illuminate\\Container\\Container.php(920): Illuminate\\Container\\Container->resolveDependencies(Array)
#12 C:\\Users\\bapti\\OneDrive\\Documents\\IMT\\M1\\projet suivi\\ProjetSuiviStage\\projet-suivi\\vendor\\laravel\\framework\\src\\Illuminate\\Container\\Container.php(770): Illuminate\\Container\\Container->build('App\\\\Http\\\\Middle...')
#13 C:\\Users\\bapti\\OneDrive\\Documents\\IMT\\M1\\projet suivi\\ProjetSuiviStage\\projet-suivi\\vendor\\laravel\\framework\\src\\Illuminate\\Foundation\\Application.php(856): Illuminate\\Container\\Container->resolve('App\\\\Http\\\\Middle...', Array, true)
#14 C:\\Users\\bapti\\OneDrive\\Documents\\IMT\\M1\\projet suivi\\ProjetSuiviStage\\projet-suivi\\vendor\\laravel\\framework\\src\\Illuminate\\Container\\Container.php(706): Illuminate\\Foundation\\Application->resolve('App\\\\Http\\\\Middle...', Array)
#15 C:\\Users\\bapti\\OneDrive\\Documents\\IMT\\M1\\projet suivi\\ProjetSuiviStage\\projet-suivi\\vendor\\laravel\\framework\\src\\Illuminate\\Foundation\\Application.php(841): Illuminate\\Container\\Container->make('App\\\\Http\\\\Middle...', Array)
#16 C:\\Users\\bapti\\OneDrive\\Documents\\IMT\\M1\\projet suivi\\ProjetSuiviStage\\projet-suivi\\vendor\\laravel\\framework\\src\\Illuminate\\Pipeline\\Pipeline.php(169): Illuminate\\Foundation\\Application->make('App\\\\Http\\\\Middle...')
#17 C:\\Users\\bapti\\OneDrive\\Documents\\IMT\\M1\\projet suivi\\ProjetSuiviStage\\projet-suivi\\vendor\\laravel\\framework\\src\\Illuminate\\Pipeline\\Pipeline.php(116): Illuminate\\Pipeline\\Pipeline->Illuminate\\Pipeline\\{closure}(Object(Illuminate\\Http\\Request))
#18 C:\\Users\\bapti\\OneDrive\\Documents\\IMT\\M1\\projet suivi\\ProjetSuiviStage\\projet-suivi\\vendor\\laravel\\framework\\src\\Illuminate\\Routing\\Router.php(799): Illuminate\\Pipeline\\Pipeline->then(Object(Closure))
#19 C:\\Users\\bapti\\OneDrive\\Documents\\IMT\\M1\\projet suivi\\ProjetSuiviStage\\projet-suivi\\vendor\\laravel\\framework\\src\\Illuminate\\Routing\\Router.php(776): Illuminate\\Routing\\Router->runRouteWithinStack(Object(Illuminate\\Routing\\Route), Object(Illuminate\\Http\\Request))
#20 C:\\Users\\bapti\\OneDrive\\Documents\\IMT\\M1\\projet suivi\\ProjetSuiviStage\\projet-suivi\\vendor\\laravel\\framework\\src\\Illuminate\\Routing\\Router.php(740): Illuminate\\Routing\\Router->runRoute(Object(Illuminate\\Http\\Request), Object(Illuminate\\Routing\\Route))
#21 C:\\Users\\bapti\\OneDrive\\Documents\\IMT\\M1\\projet suivi\\ProjetSuiviStage\\projet-suivi\\vendor\\laravel\\framework\\src\\Illuminate\\Routing\\Router.php(729): Illuminate\\Routing\\Router->dispatchToRoute(Object(Illuminate\\Http\\Request))
#22 C:\\Users\\bapti\\OneDrive\\Documents\\IMT\\M1\\projet suivi\\ProjetSuiviStage\\projet-suivi\\vendor\\laravel\\framework\\src\\Illuminate\\Foundation\\Http\\Kernel.php(190): Illuminate\\Routing\\Router->dispatch(Object(Illuminate\\Http\\Request))
#23 C:\\Users\\bapti\\OneDrive\\Documents\\IMT\\M1\\projet suivi\\ProjetSuiviStage\\projet-suivi\\vendor\\laravel\\framework\\src\\Illuminate\\Pipeline\\Pipeline.php(141): Illuminate\\Foundation\\Http\\Kernel->Illuminate\\Foundation\\Http\\{closure}(Object(Illuminate\\Http\\Request))
#24 C:\\Users\\bapti\\OneDrive\\Documents\\IMT\\M1\\projet suivi\\ProjetSuiviStage\\projet-suivi\\vendor\\laravel\\framework\\src\\Illuminate\\Foundation\\Http\\Middleware\\TransformsRequest.php(21): Illuminate\\Pipeline\\Pipeline->Illuminate\\Pipeline\\{closure}(Object(Illuminate\\Http\\Request))
#25 C:\\Users\\bapti\\OneDrive\\Documents\\IMT\\M1\\projet suivi\\ProjetSuiviStage\\projet-suivi\\vendor\\laravel\\framework\\src\\Illuminate\\Foundation\\Http\\Middleware\\ConvertEmptyStringsToNull.php(31): Illuminate\\Foundation\\Http\\Middleware\\TransformsRequest->handle(Object(Illuminate\\Http\\Request), Object(Closure))
#26 C:\\Users\\bapti\\OneDrive\\Documents\\IMT\\M1\\projet suivi\\ProjetSuiviStage\\projet-suivi\\vendor\\laravel\\framework\\src\\Illuminate\\Pipeline\\Pipeline.php(180): Illuminate\\Foundation\\Http\\Middleware\\ConvertEmptyStringsToNull->handle(Object(Illuminate\\Http\\Request), Object(Closure))
#27 C:\\Users\\bapti\\OneDrive\\Documents\\IMT\\M1\\projet suivi\\ProjetSuiviStage\\projet-suivi\\vendor\\laravel\\framework\\src\\Illuminate\\Foundation\\Http\\Middleware\\TransformsRequest.php(21): Illuminate\\Pipeline\\Pipeline->Illuminate\\Pipeline\\{closure}(Object(Illuminate\\Http\\Request))
#28 C:\\Users\\bapti\\OneDrive\\Documents\\IMT\\M1\\projet suivi\\ProjetSuiviStage\\projet-suivi\\vendor\\laravel\\framework\\src\\Illuminate\\Foundation\\Http\\Middleware\\TrimStrings.php(40): Illuminate\\Foundation\\Http\\Middleware\\TransformsRequest->handle(Object(Illuminate\\Http\\Request), Object(Closure))
#29 C:\\Users\\bapti\\OneDrive\\Documents\\IMT\\M1\\projet suivi\\ProjetSuiviStage\\projet-suivi\\vendor\\laravel\\framework\\src\\Illuminate\\Pipeline\\Pipeline.php(180): Illuminate\\Foundation\\Http\\Middleware\\TrimStrings->handle(Object(Illuminate\\Http\\Request), Object(Closure))
#30 C:\\Users\\bapti\\OneDrive\\Documents\\IMT\\M1\\projet suivi\\ProjetSuiviStage\\projet-suivi\\vendor\\laravel\\framework\\src\\Illuminate\\Foundation\\Http\\Middleware\\ValidatePostSize.php(27): Illuminate\\Pipeline\\Pipeline->Illuminate\\Pipeline\\{closure}(Object(Illuminate\\Http\\Request))
#31 C:\\Users\\bapti\\OneDrive\\Documents\\IMT\\M1\\projet suivi\\ProjetSuiviStage\\projet-suivi\\vendor\\laravel\\framework\\src\\Illuminate\\Pipeline\\Pipeline.php(180): Illuminate\\Foundation\\Http\\Middleware\\ValidatePostSize->handle(Object(Illuminate\\Http\\Request), Object(Closure))
#32 C:\\Users\\bapti\\OneDrive\\Documents\\IMT\\M1\\projet suivi\\ProjetSuiviStage\\projet-suivi\\vendor\\laravel\\framework\\src\\Illuminate\\Foundation\\Http\\Middleware\\PreventRequestsDuringMaintenance.php(86): Illuminate\\Pipeline\\Pipeline->Illuminate\\Pipeline\\{closure}(Object(Illuminate\\Http\\Request))
#33 C:\\Users\\bapti\\OneDrive\\Documents\\IMT\\M1\\projet suivi\\ProjetSuiviStage\\projet-suivi\\vendor\\laravel\\framework\\src\\Illuminate\\Pipeline\\Pipeline.php(180): Illuminate\\Foundation\\Http\\Middleware\\PreventRequestsDuringMaintenance->handle(Object(Illuminate\\Http\\Request), Object(Closure))
#34 C:\\Users\\bapti\\OneDrive\\Documents\\IMT\\M1\\projet suivi\\ProjetSuiviStage\\projet-suivi\\vendor\\laravel\\framework\\src\\Illuminate\\Http\\Middleware\\HandleCors.php(49): Illuminate\\Pipeline\\Pipeline->Illuminate\\Pipeline\\{closure}(Object(Illuminate\\Http\\Request))
#35 C:\\Users\\bapti\\OneDrive\\Documents\\IMT\\M1\\projet suivi\\ProjetSuiviStage\\projet-suivi\\vendor\\laravel\\framework\\src\\Illuminate\\Pipeline\\Pipeline.php(180): Illuminate\\Http\\Middleware\\HandleCors->handle(Object(Illuminate\\Http\\Request), Object(Closure))
#36 C:\\Users\\bapti\\OneDrive\\Documents\\IMT\\M1\\projet suivi\\ProjetSuiviStage\\projet-suivi\\vendor\\laravel\\framework\\src\\Illuminate\\Http\\Middleware\\TrustProxies.php(39): Illuminate\\Pipeline\\Pipeline->Illuminate\\Pipeline\\{closure}(Object(Illuminate\\Http\\Request))
#37 C:\\Users\\bapti\\OneDrive\\Documents\\IMT\\M1\\projet suivi\\ProjetSuiviStage\\projet-suivi\\vendor\\laravel\\framework\\src\\Illuminate\\Pipeline\\Pipeline.php(180): Illuminate\\Http\\Middleware\\TrustProxies->handle(Object(Illuminate\\Http\\Request), Object(Closure))
#38 C:\\Users\\bapti\\OneDrive\\Documents\\IMT\\M1\\projet suivi\\ProjetSuiviStage\\projet-suivi\\vendor\\laravel\\framework\\src\\Illuminate\\Pipeline\\Pipeline.php(116): Illuminate\\Pipeline\\Pipeline->Illuminate\\Pipeline\\{closure}(Object(Illuminate\\Http\\Request))
#39 C:\\Users\\bapti\\OneDrive\\Documents\\IMT\\M1\\projet suivi\\ProjetSuiviStage\\projet-suivi\\vendor\\laravel\\framework\\src\\Illuminate\\Foundation\\Http\\Kernel.php(165): Illuminate\\Pipeline\\Pipeline->then(Object(Closure))
#40 C:\\Users\\bapti\\OneDrive\\Documents\\IMT\\M1\\projet suivi\\ProjetSuiviStage\\projet-suivi\\vendor\\laravel\\framework\\src\\Illuminate\\Foundation\\Http\\Kernel.php(134): Illuminate\\Foundation\\Http\\Kernel->sendRequestThroughRouter(Object(Illuminate\\Http\\Request))
#41 C:\\Users\\bapti\\OneDrive\\Documents\\IMT\\M1\\projet suivi\\ProjetSuiviStage\\projet-suivi\\public\\index.php(52): Illuminate\\Foundation\\Http\\Kernel->handle(Object(Illuminate\\Http\\Request))
#42 {main}
"} 
[2023-02-07 08:58:05] production.ERROR: No application encryption key has been specified. {"exception":"[object] (Illuminate\\Encryption\\MissingAppKeyException(code: 0): No application encryption key has been specified. at C:\\Users\\bapti\\OneDrive\\Documents\\IMT\\M1\\projet suivi\\ProjetSuiviStage\\projet-suivi\\vendor\\laravel\\framework\\src\\Illuminate\\Encryption\\EncryptionServiceProvider.php:79)
[stacktrace]
#0 C:\\Users\\bapti\\OneDrive\\Documents\\IMT\\M1\\projet suivi\\ProjetSuiviStage\\projet-suivi\\vendor\\laravel\\framework\\src\\Illuminate\\Support\\helpers.php(306): Illuminate\\Encryption\\EncryptionServiceProvider->Illuminate\\Encryption\\{closure}(NULL)
#1 C:\\Users\\bapti\\OneDrive\\Documents\\IMT\\M1\\projet suivi\\ProjetSuiviStage\\projet-suivi\\vendor\\laravel\\framework\\src\\Illuminate\\Encryption\\EncryptionServiceProvider.php(81): tap(NULL, Object(Closure))
#2 C:\\Users\\bapti\\OneDrive\\Documents\\IMT\\M1\\projet suivi\\ProjetSuiviStage\\projet-suivi\\vendor\\laravel\\framework\\src\\Illuminate\\Encryption\\EncryptionServiceProvider.php(60): Illuminate\\Encryption\\EncryptionServiceProvider->key(Array)
#3 C:\\Users\\bapti\\OneDrive\\Documents\\IMT\\M1\\projet suivi\\ProjetSuiviStage\\projet-suivi\\vendor\\laravel\\framework\\src\\Illuminate\\Encryption\\EncryptionServiceProvider.php(32): Illuminate\\Encryption\\EncryptionServiceProvider->parseKey(Array)
#4 C:\\Users\\bapti\\OneDrive\\Documents\\IMT\\M1\\projet suivi\\ProjetSuiviStage\\projet-suivi\\vendor\\laravel\\framework\\src\\Illuminate\\Container\\Container.php(885): Illuminate\\Encryption\\EncryptionServiceProvider->Illuminate\\Encryption\\{closure}(Object(Illuminate\\Foundation\\Application), Array)
#5 C:\\Users\\bapti\\OneDrive\\Documents\\IMT\\M1\\projet suivi\\ProjetSuiviStage\\projet-suivi\\vendor\\laravel\\framework\\src\\Illuminate\\Container\\Container.php(770): Illuminate\\Container\\Container->build(Object(Closure))
#6 C:\\Users\\bapti\\OneDrive\\Documents\\IMT\\M1\\projet suivi\\ProjetSuiviStage\\projet-suivi\\vendor\\laravel\\framework\\src\\Illuminate\\Foundation\\Application.php(856): Illuminate\\Container\\Container->resolve('encrypter', Array, true)
#7 C:\\Users\\bapti\\OneDrive\\Documents\\IMT\\M1\\projet suivi\\ProjetSuiviStage\\projet-suivi\\vendor\\laravel\\framework\\src\\Illuminate\\Container\\Container.php(706): Illuminate\\Foundation\\Application->resolve('encrypter', Array)
#8 C:\\Users\\bapti\\OneDrive\\Documents\\IMT\\M1\\projet suivi\\ProjetSuiviStage\\projet-suivi\\vendor\\laravel\\framework\\src\\Illuminate\\Foundation\\Application.php(841): Illuminate\\Container\\Container->make('encrypter', Array)
#9 C:\\Users\\bapti\\OneDrive\\Documents\\IMT\\M1\\projet suivi\\ProjetSuiviStage\\projet-suivi\\vendor\\laravel\\framework\\src\\Illuminate\\Container\\Container.php(1043): Illuminate\\Foundation\\Application->make('encrypter')
#10 C:\\Users\\bapti\\OneDrive\\Documents\\IMT\\M1\\projet suivi\\ProjetSuiviStage\\projet-suivi\\vendor\\laravel\\framework\\src\\Illuminate\\Container\\Container.php(959): Illuminate\\Container\\Container->resolveClass(Object(ReflectionParameter))
#11 C:\\Users\\bapti\\OneDrive\\Documents\\IMT\\M1\\projet suivi\\ProjetSuiviStage\\projet-suivi\\vendor\\laravel\\framework\\src\\Illuminate\\Container\\Container.php(920): Illuminate\\Container\\Container->resolveDependencies(Array)
#12 C:\\Users\\bapti\\OneDrive\\Documents\\IMT\\M1\\projet suivi\\ProjetSuiviStage\\projet-suivi\\vendor\\laravel\\framework\\src\\Illuminate\\Container\\Container.php(770): Illuminate\\Container\\Container->build('App\\\\Http\\\\Middle...')
#13 C:\\Users\\bapti\\OneDrive\\Documents\\IMT\\M1\\projet suivi\\ProjetSuiviStage\\projet-suivi\\vendor\\laravel\\framework\\src\\Illuminate\\Foundation\\Application.php(856): Illuminate\\Container\\Container->resolve('App\\\\Http\\\\Middle...', Array, true)
#14 C:\\Users\\bapti\\OneDrive\\Documents\\IMT\\M1\\projet suivi\\ProjetSuiviStage\\projet-suivi\\vendor\\laravel\\framework\\src\\Illuminate\\Container\\Container.php(706): Illuminate\\Foundation\\Application->resolve('App\\\\Http\\\\Middle...', Array)
#15 C:\\Users\\bapti\\OneDrive\\Documents\\IMT\\M1\\projet suivi\\ProjetSuiviStage\\projet-suivi\\vendor\\laravel\\framework\\src\\Illuminate\\Foundation\\Application.php(841): Illuminate\\Container\\Container->make('App\\\\Http\\\\Middle...', Array)
#16 C:\\Users\\bapti\\OneDrive\\Documents\\IMT\\M1\\projet suivi\\ProjetSuiviStage\\projet-suivi\\vendor\\laravel\\framework\\src\\Illuminate\\Foundation\\Http\\Kernel.php(239): Illuminate\\Foundation\\Application->make('App\\\\Http\\\\Middle...')
#17 C:\\Users\\bapti\\OneDrive\\Documents\\IMT\\M1\\projet suivi\\ProjetSuiviStage\\projet-suivi\\vendor\\laravel\\framework\\src\\Illuminate\\Foundation\\Http\\Kernel.php(203): Illuminate\\Foundation\\Http\\Kernel->terminateMiddleware(Object(Illuminate\\Http\\Request), Object(Illuminate\\Http\\Response))
#18 C:\\Users\\bapti\\OneDrive\\Documents\\IMT\\M1\\projet suivi\\ProjetSuiviStage\\projet-suivi\\public\\index.php(55): Illuminate\\Foundation\\Http\\Kernel->terminate(Object(Illuminate\\Http\\Request), Object(Illuminate\\Http\\Response))
#19 {main}
"} 
[2023-02-07 08:59:16] production.ERROR: No application encryption key has been specified. {"exception":"[object] (Illuminate\\Encryption\\MissingAppKeyException(code: 0): No application encryption key has been specified. at C:\\Users\\bapti\\OneDrive\\Documents\\IMT\\M1\\projet suivi\\ProjetSuiviStage\\projet-suivi\\vendor\\laravel\\framework\\src\\Illuminate\\Encryption\\EncryptionServiceProvider.php:79)
[stacktrace]
#0 C:\\Users\\bapti\\OneDrive\\Documents\\IMT\\M1\\projet suivi\\ProjetSuiviStage\\projet-suivi\\vendor\\laravel\\framework\\src\\Illuminate\\Support\\helpers.php(306): Illuminate\\Encryption\\EncryptionServiceProvider->Illuminate\\Encryption\\{closure}(NULL)
#1 C:\\Users\\bapti\\OneDrive\\Documents\\IMT\\M1\\projet suivi\\ProjetSuiviStage\\projet-suivi\\vendor\\laravel\\framework\\src\\Illuminate\\Encryption\\EncryptionServiceProvider.php(81): tap(NULL, Object(Closure))
#2 C:\\Users\\bapti\\OneDrive\\Documents\\IMT\\M1\\projet suivi\\ProjetSuiviStage\\projet-suivi\\vendor\\laravel\\framework\\src\\Illuminate\\Encryption\\EncryptionServiceProvider.php(60): Illuminate\\Encryption\\EncryptionServiceProvider->key(Array)
#3 C:\\Users\\bapti\\OneDrive\\Documents\\IMT\\M1\\projet suivi\\ProjetSuiviStage\\projet-suivi\\vendor\\laravel\\framework\\src\\Illuminate\\Encryption\\EncryptionServiceProvider.php(32): Illuminate\\Encryption\\EncryptionServiceProvider->parseKey(Array)
#4 C:\\Users\\bapti\\OneDrive\\Documents\\IMT\\M1\\projet suivi\\ProjetSuiviStage\\projet-suivi\\vendor\\laravel\\framework\\src\\Illuminate\\Container\\Container.php(885): Illuminate\\Encryption\\EncryptionServiceProvider->Illuminate\\Encryption\\{closure}(Object(Illuminate\\Foundation\\Application), Array)
#5 C:\\Users\\bapti\\OneDrive\\Documents\\IMT\\M1\\projet suivi\\ProjetSuiviStage\\projet-suivi\\vendor\\laravel\\framework\\src\\Illuminate\\Container\\Container.php(770): Illuminate\\Container\\Container->build(Object(Closure))
#6 C:\\Users\\bapti\\OneDrive\\Documents\\IMT\\M1\\projet suivi\\ProjetSuiviStage\\projet-suivi\\vendor\\laravel\\framework\\src\\Illuminate\\Foundation\\Application.php(856): Illuminate\\Container\\Container->resolve('encrypter', Array, true)
#7 C:\\Users\\bapti\\OneDrive\\Documents\\IMT\\M1\\projet suivi\\ProjetSuiviStage\\projet-suivi\\vendor\\laravel\\framework\\src\\Illuminate\\Container\\Container.php(706): Illuminate\\Foundation\\Application->resolve('encrypter', Array)
#8 C:\\Users\\bapti\\OneDrive\\Documents\\IMT\\M1\\projet suivi\\ProjetSuiviStage\\projet-suivi\\vendor\\laravel\\framework\\src\\Illuminate\\Foundation\\Application.php(841): Illuminate\\Container\\Container->make('encrypter', Array)
#9 C:\\Users\\bapti\\OneDrive\\Documents\\IMT\\M1\\projet suivi\\ProjetSuiviStage\\projet-suivi\\vendor\\laravel\\framework\\src\\Illuminate\\Container\\Container.php(1043): Illuminate\\Foundation\\Application->make('encrypter')
#10 C:\\Users\\bapti\\OneDrive\\Documents\\IMT\\M1\\projet suivi\\ProjetSuiviStage\\projet-suivi\\vendor\\laravel\\framework\\src\\Illuminate\\Container\\Container.php(959): Illuminate\\Container\\Container->resolveClass(Object(ReflectionParameter))
#11 C:\\Users\\bapti\\OneDrive\\Documents\\IMT\\M1\\projet suivi\\ProjetSuiviStage\\projet-suivi\\vendor\\laravel\\framework\\src\\Illuminate\\Container\\Container.php(920): Illuminate\\Container\\Container->resolveDependencies(Array)
#12 C:\\Users\\bapti\\OneDrive\\Documents\\IMT\\M1\\projet suivi\\ProjetSuiviStage\\projet-suivi\\vendor\\laravel\\framework\\src\\Illuminate\\Container\\Container.php(770): Illuminate\\Container\\Container->build('App\\\\Http\\\\Middle...')
#13 C:\\Users\\bapti\\OneDrive\\Documents\\IMT\\M1\\projet suivi\\ProjetSuiviStage\\projet-suivi\\vendor\\laravel\\framework\\src\\Illuminate\\Foundation\\Application.php(856): Illuminate\\Container\\Container->resolve('App\\\\Http\\\\Middle...', Array, true)
#14 C:\\Users\\bapti\\OneDrive\\Documents\\IMT\\M1\\projet suivi\\ProjetSuiviStage\\projet-suivi\\vendor\\laravel\\framework\\src\\Illuminate\\Container\\Container.php(706): Illuminate\\Foundation\\Application->resolve('App\\\\Http\\\\Middle...', Array)
#15 C:\\Users\\bapti\\OneDrive\\Documents\\IMT\\M1\\projet suivi\\ProjetSuiviStage\\projet-suivi\\vendor\\laravel\\framework\\src\\Illuminate\\Foundation\\Application.php(841): Illuminate\\Container\\Container->make('App\\\\Http\\\\Middle...', Array)
#16 C:\\Users\\bapti\\OneDrive\\Documents\\IMT\\M1\\projet suivi\\ProjetSuiviStage\\projet-suivi\\vendor\\laravel\\framework\\src\\Illuminate\\Pipeline\\Pipeline.php(169): Illuminate\\Foundation\\Application->make('App\\\\Http\\\\Middle...')
#17 C:\\Users\\bapti\\OneDrive\\Documents\\IMT\\M1\\projet suivi\\ProjetSuiviStage\\projet-suivi\\vendor\\laravel\\framework\\src\\Illuminate\\Pipeline\\Pipeline.php(116): Illuminate\\Pipeline\\Pipeline->Illuminate\\Pipeline\\{closure}(Object(Illuminate\\Http\\Request))
#18 C:\\Users\\bapti\\OneDrive\\Documents\\IMT\\M1\\projet suivi\\ProjetSuiviStage\\projet-suivi\\vendor\\laravel\\framework\\src\\Illuminate\\Routing\\Router.php(799): Illuminate\\Pipeline\\Pipeline->then(Object(Closure))
#19 C:\\Users\\bapti\\OneDrive\\Documents\\IMT\\M1\\projet suivi\\ProjetSuiviStage\\projet-suivi\\vendor\\laravel\\framework\\src\\Illuminate\\Routing\\Router.php(776): Illuminate\\Routing\\Router->runRouteWithinStack(Object(Illuminate\\Routing\\Route), Object(Illuminate\\Http\\Request))
#20 C:\\Users\\bapti\\OneDrive\\Documents\\IMT\\M1\\projet suivi\\ProjetSuiviStage\\projet-suivi\\vendor\\laravel\\framework\\src\\Illuminate\\Routing\\Router.php(740): Illuminate\\Routing\\Router->runRoute(Object(Illuminate\\Http\\Request), Object(Illuminate\\Routing\\Route))
#21 C:\\Users\\bapti\\OneDrive\\Documents\\IMT\\M1\\projet suivi\\ProjetSuiviStage\\projet-suivi\\vendor\\laravel\\framework\\src\\Illuminate\\Routing\\Router.php(729): Illuminate\\Routing\\Router->dispatchToRoute(Object(Illuminate\\Http\\Request))
#22 C:\\Users\\bapti\\OneDrive\\Documents\\IMT\\M1\\projet suivi\\ProjetSuiviStage\\projet-suivi\\vendor\\laravel\\framework\\src\\Illuminate\\Foundation\\Http\\Kernel.php(190): Illuminate\\Routing\\Router->dispatch(Object(Illuminate\\Http\\Request))
#23 C:\\Users\\bapti\\OneDrive\\Documents\\IMT\\M1\\projet suivi\\ProjetSuiviStage\\projet-suivi\\vendor\\laravel\\framework\\src\\Illuminate\\Pipeline\\Pipeline.php(141): Illuminate\\Foundation\\Http\\Kernel->Illuminate\\Foundation\\Http\\{closure}(Object(Illuminate\\Http\\Request))
#24 C:\\Users\\bapti\\OneDrive\\Documents\\IMT\\M1\\projet suivi\\ProjetSuiviStage\\projet-suivi\\vendor\\laravel\\framework\\src\\Illuminate\\Foundation\\Http\\Middleware\\TransformsRequest.php(21): Illuminate\\Pipeline\\Pipeline->Illuminate\\Pipeline\\{closure}(Object(Illuminate\\Http\\Request))
#25 C:\\Users\\bapti\\OneDrive\\Documents\\IMT\\M1\\projet suivi\\ProjetSuiviStage\\projet-suivi\\vendor\\laravel\\framework\\src\\Illuminate\\Foundation\\Http\\Middleware\\ConvertEmptyStringsToNull.php(31): Illuminate\\Foundation\\Http\\Middleware\\TransformsRequest->handle(Object(Illuminate\\Http\\Request), Object(Closure))
#26 C:\\Users\\bapti\\OneDrive\\Documents\\IMT\\M1\\projet suivi\\ProjetSuiviStage\\projet-suivi\\vendor\\laravel\\framework\\src\\Illuminate\\Pipeline\\Pipeline.php(180): Illuminate\\Foundation\\Http\\Middleware\\ConvertEmptyStringsToNull->handle(Object(Illuminate\\Http\\Request), Object(Closure))
#27 C:\\Users\\bapti\\OneDrive\\Documents\\IMT\\M1\\projet suivi\\ProjetSuiviStage\\projet-suivi\\vendor\\laravel\\framework\\src\\Illuminate\\Foundation\\Http\\Middleware\\TransformsRequest.php(21): Illuminate\\Pipeline\\Pipeline->Illuminate\\Pipeline\\{closure}(Object(Illuminate\\Http\\Request))
#28 C:\\Users\\bapti\\OneDrive\\Documents\\IMT\\M1\\projet suivi\\ProjetSuiviStage\\projet-suivi\\vendor\\laravel\\framework\\src\\Illuminate\\Foundation\\Http\\Middleware\\TrimStrings.php(40): Illuminate\\Foundation\\Http\\Middleware\\TransformsRequest->handle(Object(Illuminate\\Http\\Request), Object(Closure))
#29 C:\\Users\\bapti\\OneDrive\\Documents\\IMT\\M1\\projet suivi\\ProjetSuiviStage\\projet-suivi\\vendor\\laravel\\framework\\src\\Illuminate\\Pipeline\\Pipeline.php(180): Illuminate\\Foundation\\Http\\Middleware\\TrimStrings->handle(Object(Illuminate\\Http\\Request), Object(Closure))
#30 C:\\Users\\bapti\\OneDrive\\Documents\\IMT\\M1\\projet suivi\\ProjetSuiviStage\\projet-suivi\\vendor\\laravel\\framework\\src\\Illuminate\\Foundation\\Http\\Middleware\\ValidatePostSize.php(27): Illuminate\\Pipeline\\Pipeline->Illuminate\\Pipeline\\{closure}(Object(Illuminate\\Http\\Request))
#31 C:\\Users\\bapti\\OneDrive\\Documents\\IMT\\M1\\projet suivi\\ProjetSuiviStage\\projet-suivi\\vendor\\laravel\\framework\\src\\Illuminate\\Pipeline\\Pipeline.php(180): Illuminate\\Foundation\\Http\\Middleware\\ValidatePostSize->handle(Object(Illuminate\\Http\\Request), Object(Closure))
#32 C:\\Users\\bapti\\OneDrive\\Documents\\IMT\\M1\\projet suivi\\ProjetSuiviStage\\projet-suivi\\vendor\\laravel\\framework\\src\\Illuminate\\Foundation\\Http\\Middleware\\PreventRequestsDuringMaintenance.php(86): Illuminate\\Pipeline\\Pipeline->Illuminate\\Pipeline\\{closure}(Object(Illuminate\\Http\\Request))
#33 C:\\Users\\bapti\\OneDrive\\Documents\\IMT\\M1\\projet suivi\\ProjetSuiviStage\\projet-suivi\\vendor\\laravel\\framework\\src\\Illuminate\\Pipeline\\Pipeline.php(180): Illuminate\\Foundation\\Http\\Middleware\\PreventRequestsDuringMaintenance->handle(Object(Illuminate\\Http\\Request), Object(Closure))
#34 C:\\Users\\bapti\\OneDrive\\Documents\\IMT\\M1\\projet suivi\\ProjetSuiviStage\\projet-suivi\\vendor\\laravel\\framework\\src\\Illuminate\\Http\\Middleware\\HandleCors.php(49): Illuminate\\Pipeline\\Pipeline->Illuminate\\Pipeline\\{closure}(Object(Illuminate\\Http\\Request))
#35 C:\\Users\\bapti\\OneDrive\\Documents\\IMT\\M1\\projet suivi\\ProjetSuiviStage\\projet-suivi\\vendor\\laravel\\framework\\src\\Illuminate\\Pipeline\\Pipeline.php(180): Illuminate\\Http\\Middleware\\HandleCors->handle(Object(Illuminate\\Http\\Request), Object(Closure))
#36 C:\\Users\\bapti\\OneDrive\\Documents\\IMT\\M1\\projet suivi\\ProjetSuiviStage\\projet-suivi\\vendor\\laravel\\framework\\src\\Illuminate\\Http\\Middleware\\TrustProxies.php(39): Illuminate\\Pipeline\\Pipeline->Illuminate\\Pipeline\\{closure}(Object(Illuminate\\Http\\Request))
#37 C:\\Users\\bapti\\OneDrive\\Documents\\IMT\\M1\\projet suivi\\ProjetSuiviStage\\projet-suivi\\vendor\\laravel\\framework\\src\\Illuminate\\Pipeline\\Pipeline.php(180): Illuminate\\Http\\Middleware\\TrustProxies->handle(Object(Illuminate\\Http\\Request), Object(Closure))
#38 C:\\Users\\bapti\\OneDrive\\Documents\\IMT\\M1\\projet suivi\\ProjetSuiviStage\\projet-suivi\\vendor\\laravel\\framework\\src\\Illuminate\\Pipeline\\Pipeline.php(116): Illuminate\\Pipeline\\Pipeline->Illuminate\\Pipeline\\{closure}(Object(Illuminate\\Http\\Request))
#39 C:\\Users\\bapti\\OneDrive\\Documents\\IMT\\M1\\projet suivi\\ProjetSuiviStage\\projet-suivi\\vendor\\laravel\\framework\\src\\Illuminate\\Foundation\\Http\\Kernel.php(165): Illuminate\\Pipeline\\Pipeline->then(Object(Closure))
#40 C:\\Users\\bapti\\OneDrive\\Documents\\IMT\\M1\\projet suivi\\ProjetSuiviStage\\projet-suivi\\vendor\\laravel\\framework\\src\\Illuminate\\Foundation\\Http\\Kernel.php(134): Illuminate\\Foundation\\Http\\Kernel->sendRequestThroughRouter(Object(Illuminate\\Http\\Request))
#41 C:\\Users\\bapti\\OneDrive\\Documents\\IMT\\M1\\projet suivi\\ProjetSuiviStage\\projet-suivi\\public\\index.php(52): Illuminate\\Foundation\\Http\\Kernel->handle(Object(Illuminate\\Http\\Request))
#42 {main}
"} 
[2023-02-07 08:59:17] production.ERROR: No application encryption key has been specified. {"exception":"[object] (Illuminate\\Encryption\\MissingAppKeyException(code: 0): No application encryption key has been specified. at C:\\Users\\bapti\\OneDrive\\Documents\\IMT\\M1\\projet suivi\\ProjetSuiviStage\\projet-suivi\\vendor\\laravel\\framework\\src\\Illuminate\\Encryption\\EncryptionServiceProvider.php:79)
[stacktrace]
#0 C:\\Users\\bapti\\OneDrive\\Documents\\IMT\\M1\\projet suivi\\ProjetSuiviStage\\projet-suivi\\vendor\\laravel\\framework\\src\\Illuminate\\Support\\helpers.php(306): Illuminate\\Encryption\\EncryptionServiceProvider->Illuminate\\Encryption\\{closure}(NULL)
#1 C:\\Users\\bapti\\OneDrive\\Documents\\IMT\\M1\\projet suivi\\ProjetSuiviStage\\projet-suivi\\vendor\\laravel\\framework\\src\\Illuminate\\Encryption\\EncryptionServiceProvider.php(81): tap(NULL, Object(Closure))
#2 C:\\Users\\bapti\\OneDrive\\Documents\\IMT\\M1\\projet suivi\\ProjetSuiviStage\\projet-suivi\\vendor\\laravel\\framework\\src\\Illuminate\\Encryption\\EncryptionServiceProvider.php(60): Illuminate\\Encryption\\EncryptionServiceProvider->key(Array)
#3 C:\\Users\\bapti\\OneDrive\\Documents\\IMT\\M1\\projet suivi\\ProjetSuiviStage\\projet-suivi\\vendor\\laravel\\framework\\src\\Illuminate\\Encryption\\EncryptionServiceProvider.php(32): Illuminate\\Encryption\\EncryptionServiceProvider->parseKey(Array)
#4 C:\\Users\\bapti\\OneDrive\\Documents\\IMT\\M1\\projet suivi\\ProjetSuiviStage\\projet-suivi\\vendor\\laravel\\framework\\src\\Illuminate\\Container\\Container.php(885): Illuminate\\Encryption\\EncryptionServiceProvider->Illuminate\\Encryption\\{closure}(Object(Illuminate\\Foundation\\Application), Array)
#5 C:\\Users\\bapti\\OneDrive\\Documents\\IMT\\M1\\projet suivi\\ProjetSuiviStage\\projet-suivi\\vendor\\laravel\\framework\\src\\Illuminate\\Container\\Container.php(770): Illuminate\\Container\\Container->build(Object(Closure))
#6 C:\\Users\\bapti\\OneDrive\\Documents\\IMT\\M1\\projet suivi\\ProjetSuiviStage\\projet-suivi\\vendor\\laravel\\framework\\src\\Illuminate\\Foundation\\Application.php(856): Illuminate\\Container\\Container->resolve('encrypter', Array, true)
#7 C:\\Users\\bapti\\OneDrive\\Documents\\IMT\\M1\\projet suivi\\ProjetSuiviStage\\projet-suivi\\vendor\\laravel\\framework\\src\\Illuminate\\Container\\Container.php(706): Illuminate\\Foundation\\Application->resolve('encrypter', Array)
#8 C:\\Users\\bapti\\OneDrive\\Documents\\IMT\\M1\\projet suivi\\ProjetSuiviStage\\projet-suivi\\vendor\\laravel\\framework\\src\\Illuminate\\Foundation\\Application.php(841): Illuminate\\Container\\Container->make('encrypter', Array)
#9 C:\\Users\\bapti\\OneDrive\\Documents\\IMT\\M1\\projet suivi\\ProjetSuiviStage\\projet-suivi\\vendor\\laravel\\framework\\src\\Illuminate\\Container\\Container.php(1043): Illuminate\\Foundation\\Application->make('encrypter')
#10 C:\\Users\\bapti\\OneDrive\\Documents\\IMT\\M1\\projet suivi\\ProjetSuiviStage\\projet-suivi\\vendor\\laravel\\framework\\src\\Illuminate\\Container\\Container.php(959): Illuminate\\Container\\Container->resolveClass(Object(ReflectionParameter))
#11 C:\\Users\\bapti\\OneDrive\\Documents\\IMT\\M1\\projet suivi\\ProjetSuiviStage\\projet-suivi\\vendor\\laravel\\framework\\src\\Illuminate\\Container\\Container.php(920): Illuminate\\Container\\Container->resolveDependencies(Array)
#12 C:\\Users\\bapti\\OneDrive\\Documents\\IMT\\M1\\projet suivi\\ProjetSuiviStage\\projet-suivi\\vendor\\laravel\\framework\\src\\Illuminate\\Container\\Container.php(770): Illuminate\\Container\\Container->build('App\\\\Http\\\\Middle...')
#13 C:\\Users\\bapti\\OneDrive\\Documents\\IMT\\M1\\projet suivi\\ProjetSuiviStage\\projet-suivi\\vendor\\laravel\\framework\\src\\Illuminate\\Foundation\\Application.php(856): Illuminate\\Container\\Container->resolve('App\\\\Http\\\\Middle...', Array, true)
#14 C:\\Users\\bapti\\OneDrive\\Documents\\IMT\\M1\\projet suivi\\ProjetSuiviStage\\projet-suivi\\vendor\\laravel\\framework\\src\\Illuminate\\Container\\Container.php(706): Illuminate\\Foundation\\Application->resolve('App\\\\Http\\\\Middle...', Array)
#15 C:\\Users\\bapti\\OneDrive\\Documents\\IMT\\M1\\projet suivi\\ProjetSuiviStage\\projet-suivi\\vendor\\laravel\\framework\\src\\Illuminate\\Foundation\\Application.php(841): Illuminate\\Container\\Container->make('App\\\\Http\\\\Middle...', Array)
#16 C:\\Users\\bapti\\OneDrive\\Documents\\IMT\\M1\\projet suivi\\ProjetSuiviStage\\projet-suivi\\vendor\\laravel\\framework\\src\\Illuminate\\Foundation\\Http\\Kernel.php(239): Illuminate\\Foundation\\Application->make('App\\\\Http\\\\Middle...')
#17 C:\\Users\\bapti\\OneDrive\\Documents\\IMT\\M1\\projet suivi\\ProjetSuiviStage\\projet-suivi\\vendor\\laravel\\framework\\src\\Illuminate\\Foundation\\Http\\Kernel.php(203): Illuminate\\Foundation\\Http\\Kernel->terminateMiddleware(Object(Illuminate\\Http\\Request), Object(Illuminate\\Http\\Response))
#18 C:\\Users\\bapti\\OneDrive\\Documents\\IMT\\M1\\projet suivi\\ProjetSuiviStage\\projet-suivi\\public\\index.php(55): Illuminate\\Foundation\\Http\\Kernel->terminate(Object(Illuminate\\Http\\Request), Object(Illuminate\\Http\\Response))
#19 {main}
"} 
[2023-02-07 08:59:27] production.ERROR: No application encryption key has been specified. {"exception":"[object] (Illuminate\\Encryption\\MissingAppKeyException(code: 0): No application encryption key has been specified. at C:\\Users\\bapti\\OneDrive\\Documents\\IMT\\M1\\projet suivi\\ProjetSuiviStage\\projet-suivi\\vendor\\laravel\\framework\\src\\Illuminate\\Encryption\\EncryptionServiceProvider.php:79)
[stacktrace]
#0 C:\\Users\\bapti\\OneDrive\\Documents\\IMT\\M1\\projet suivi\\ProjetSuiviStage\\projet-suivi\\vendor\\laravel\\framework\\src\\Illuminate\\Support\\helpers.php(306): Illuminate\\Encryption\\EncryptionServiceProvider->Illuminate\\Encryption\\{closure}(NULL)
#1 C:\\Users\\bapti\\OneDrive\\Documents\\IMT\\M1\\projet suivi\\ProjetSuiviStage\\projet-suivi\\vendor\\laravel\\framework\\src\\Illuminate\\Encryption\\EncryptionServiceProvider.php(81): tap(NULL, Object(Closure))
#2 C:\\Users\\bapti\\OneDrive\\Documents\\IMT\\M1\\projet suivi\\ProjetSuiviStage\\projet-suivi\\vendor\\laravel\\framework\\src\\Illuminate\\Encryption\\EncryptionServiceProvider.php(60): Illuminate\\Encryption\\EncryptionServiceProvider->key(Array)
#3 C:\\Users\\bapti\\OneDrive\\Documents\\IMT\\M1\\projet suivi\\ProjetSuiviStage\\projet-suivi\\vendor\\laravel\\framework\\src\\Illuminate\\Encryption\\EncryptionServiceProvider.php(32): Illuminate\\Encryption\\EncryptionServiceProvider->parseKey(Array)
#4 C:\\Users\\bapti\\OneDrive\\Documents\\IMT\\M1\\projet suivi\\ProjetSuiviStage\\projet-suivi\\vendor\\laravel\\framework\\src\\Illuminate\\Container\\Container.php(885): Illuminate\\Encryption\\EncryptionServiceProvider->Illuminate\\Encryption\\{closure}(Object(Illuminate\\Foundation\\Application), Array)
#5 C:\\Users\\bapti\\OneDrive\\Documents\\IMT\\M1\\projet suivi\\ProjetSuiviStage\\projet-suivi\\vendor\\laravel\\framework\\src\\Illuminate\\Container\\Container.php(770): Illuminate\\Container\\Container->build(Object(Closure))
#6 C:\\Users\\bapti\\OneDrive\\Documents\\IMT\\M1\\projet suivi\\ProjetSuiviStage\\projet-suivi\\vendor\\laravel\\framework\\src\\Illuminate\\Foundation\\Application.php(856): Illuminate\\Container\\Container->resolve('encrypter', Array, true)
#7 C:\\Users\\bapti\\OneDrive\\Documents\\IMT\\M1\\projet suivi\\ProjetSuiviStage\\projet-suivi\\vendor\\laravel\\framework\\src\\Illuminate\\Container\\Container.php(706): Illuminate\\Foundation\\Application->resolve('encrypter', Array)
#8 C:\\Users\\bapti\\OneDrive\\Documents\\IMT\\M1\\projet suivi\\ProjetSuiviStage\\projet-suivi\\vendor\\laravel\\framework\\src\\Illuminate\\Foundation\\Application.php(841): Illuminate\\Container\\Container->make('encrypter', Array)
#9 C:\\Users\\bapti\\OneDrive\\Documents\\IMT\\M1\\projet suivi\\ProjetSuiviStage\\projet-suivi\\vendor\\laravel\\framework\\src\\Illuminate\\Container\\Container.php(1043): Illuminate\\Foundation\\Application->make('encrypter')
#10 C:\\Users\\bapti\\OneDrive\\Documents\\IMT\\M1\\projet suivi\\ProjetSuiviStage\\projet-suivi\\vendor\\laravel\\framework\\src\\Illuminate\\Container\\Container.php(959): Illuminate\\Container\\Container->resolveClass(Object(ReflectionParameter))
#11 C:\\Users\\bapti\\OneDrive\\Documents\\IMT\\M1\\projet suivi\\ProjetSuiviStage\\projet-suivi\\vendor\\laravel\\framework\\src\\Illuminate\\Container\\Container.php(920): Illuminate\\Container\\Container->resolveDependencies(Array)
#12 C:\\Users\\bapti\\OneDrive\\Documents\\IMT\\M1\\projet suivi\\ProjetSuiviStage\\projet-suivi\\vendor\\laravel\\framework\\src\\Illuminate\\Container\\Container.php(770): Illuminate\\Container\\Container->build('App\\\\Http\\\\Middle...')
#13 C:\\Users\\bapti\\OneDrive\\Documents\\IMT\\M1\\projet suivi\\ProjetSuiviStage\\projet-suivi\\vendor\\laravel\\framework\\src\\Illuminate\\Foundation\\Application.php(856): Illuminate\\Container\\Container->resolve('App\\\\Http\\\\Middle...', Array, true)
#14 C:\\Users\\bapti\\OneDrive\\Documents\\IMT\\M1\\projet suivi\\ProjetSuiviStage\\projet-suivi\\vendor\\laravel\\framework\\src\\Illuminate\\Container\\Container.php(706): Illuminate\\Foundation\\Application->resolve('App\\\\Http\\\\Middle...', Array)
#15 C:\\Users\\bapti\\OneDrive\\Documents\\IMT\\M1\\projet suivi\\ProjetSuiviStage\\projet-suivi\\vendor\\laravel\\framework\\src\\Illuminate\\Foundation\\Application.php(841): Illuminate\\Container\\Container->make('App\\\\Http\\\\Middle...', Array)
#16 C:\\Users\\bapti\\OneDrive\\Documents\\IMT\\M1\\projet suivi\\ProjetSuiviStage\\projet-suivi\\vendor\\laravel\\framework\\src\\Illuminate\\Pipeline\\Pipeline.php(169): Illuminate\\Foundation\\Application->make('App\\\\Http\\\\Middle...')
#17 C:\\Users\\bapti\\OneDrive\\Documents\\IMT\\M1\\projet suivi\\ProjetSuiviStage\\projet-suivi\\vendor\\laravel\\framework\\src\\Illuminate\\Pipeline\\Pipeline.php(116): Illuminate\\Pipeline\\Pipeline->Illuminate\\Pipeline\\{closure}(Object(Illuminate\\Http\\Request))
#18 C:\\Users\\bapti\\OneDrive\\Documents\\IMT\\M1\\projet suivi\\ProjetSuiviStage\\projet-suivi\\vendor\\laravel\\framework\\src\\Illuminate\\Routing\\Router.php(799): Illuminate\\Pipeline\\Pipeline->then(Object(Closure))
#19 C:\\Users\\bapti\\OneDrive\\Documents\\IMT\\M1\\projet suivi\\ProjetSuiviStage\\projet-suivi\\vendor\\laravel\\framework\\src\\Illuminate\\Routing\\Router.php(776): Illuminate\\Routing\\Router->runRouteWithinStack(Object(Illuminate\\Routing\\Route), Object(Illuminate\\Http\\Request))
#20 C:\\Users\\bapti\\OneDrive\\Documents\\IMT\\M1\\projet suivi\\ProjetSuiviStage\\projet-suivi\\vendor\\laravel\\framework\\src\\Illuminate\\Routing\\Router.php(740): Illuminate\\Routing\\Router->runRoute(Object(Illuminate\\Http\\Request), Object(Illuminate\\Routing\\Route))
#21 C:\\Users\\bapti\\OneDrive\\Documents\\IMT\\M1\\projet suivi\\ProjetSuiviStage\\projet-suivi\\vendor\\laravel\\framework\\src\\Illuminate\\Routing\\Router.php(729): Illuminate\\Routing\\Router->dispatchToRoute(Object(Illuminate\\Http\\Request))
#22 C:\\Users\\bapti\\OneDrive\\Documents\\IMT\\M1\\projet suivi\\ProjetSuiviStage\\projet-suivi\\vendor\\laravel\\framework\\src\\Illuminate\\Foundation\\Http\\Kernel.php(190): Illuminate\\Routing\\Router->dispatch(Object(Illuminate\\Http\\Request))
#23 C:\\Users\\bapti\\OneDrive\\Documents\\IMT\\M1\\projet suivi\\ProjetSuiviStage\\projet-suivi\\vendor\\laravel\\framework\\src\\Illuminate\\Pipeline\\Pipeline.php(141): Illuminate\\Foundation\\Http\\Kernel->Illuminate\\Foundation\\Http\\{closure}(Object(Illuminate\\Http\\Request))
#24 C:\\Users\\bapti\\OneDrive\\Documents\\IMT\\M1\\projet suivi\\ProjetSuiviStage\\projet-suivi\\vendor\\laravel\\framework\\src\\Illuminate\\Foundation\\Http\\Middleware\\TransformsRequest.php(21): Illuminate\\Pipeline\\Pipeline->Illuminate\\Pipeline\\{closure}(Object(Illuminate\\Http\\Request))
#25 C:\\Users\\bapti\\OneDrive\\Documents\\IMT\\M1\\projet suivi\\ProjetSuiviStage\\projet-suivi\\vendor\\laravel\\framework\\src\\Illuminate\\Foundation\\Http\\Middleware\\ConvertEmptyStringsToNull.php(31): Illuminate\\Foundation\\Http\\Middleware\\TransformsRequest->handle(Object(Illuminate\\Http\\Request), Object(Closure))
#26 C:\\Users\\bapti\\OneDrive\\Documents\\IMT\\M1\\projet suivi\\ProjetSuiviStage\\projet-suivi\\vendor\\laravel\\framework\\src\\Illuminate\\Pipeline\\Pipeline.php(180): Illuminate\\Foundation\\Http\\Middleware\\ConvertEmptyStringsToNull->handle(Object(Illuminate\\Http\\Request), Object(Closure))
#27 C:\\Users\\bapti\\OneDrive\\Documents\\IMT\\M1\\projet suivi\\ProjetSuiviStage\\projet-suivi\\vendor\\laravel\\framework\\src\\Illuminate\\Foundation\\Http\\Middleware\\TransformsRequest.php(21): Illuminate\\Pipeline\\Pipeline->Illuminate\\Pipeline\\{closure}(Object(Illuminate\\Http\\Request))
#28 C:\\Users\\bapti\\OneDrive\\Documents\\IMT\\M1\\projet suivi\\ProjetSuiviStage\\projet-suivi\\vendor\\laravel\\framework\\src\\Illuminate\\Foundation\\Http\\Middleware\\TrimStrings.php(40): Illuminate\\Foundation\\Http\\Middleware\\TransformsRequest->handle(Object(Illuminate\\Http\\Request), Object(Closure))
#29 C:\\Users\\bapti\\OneDrive\\Documents\\IMT\\M1\\projet suivi\\ProjetSuiviStage\\projet-suivi\\vendor\\laravel\\framework\\src\\Illuminate\\Pipeline\\Pipeline.php(180): Illuminate\\Foundation\\Http\\Middleware\\TrimStrings->handle(Object(Illuminate\\Http\\Request), Object(Closure))
#30 C:\\Users\\bapti\\OneDrive\\Documents\\IMT\\M1\\projet suivi\\ProjetSuiviStage\\projet-suivi\\vendor\\laravel\\framework\\src\\Illuminate\\Foundation\\Http\\Middleware\\ValidatePostSize.php(27): Illuminate\\Pipeline\\Pipeline->Illuminate\\Pipeline\\{closure}(Object(Illuminate\\Http\\Request))
#31 C:\\Users\\bapti\\OneDrive\\Documents\\IMT\\M1\\projet suivi\\ProjetSuiviStage\\projet-suivi\\vendor\\laravel\\framework\\src\\Illuminate\\Pipeline\\Pipeline.php(180): Illuminate\\Foundation\\Http\\Middleware\\ValidatePostSize->handle(Object(Illuminate\\Http\\Request), Object(Closure))
#32 C:\\Users\\bapti\\OneDrive\\Documents\\IMT\\M1\\projet suivi\\ProjetSuiviStage\\projet-suivi\\vendor\\laravel\\framework\\src\\Illuminate\\Foundation\\Http\\Middleware\\PreventRequestsDuringMaintenance.php(86): Illuminate\\Pipeline\\Pipeline->Illuminate\\Pipeline\\{closure}(Object(Illuminate\\Http\\Request))
#33 C:\\Users\\bapti\\OneDrive\\Documents\\IMT\\M1\\projet suivi\\ProjetSuiviStage\\projet-suivi\\vendor\\laravel\\framework\\src\\Illuminate\\Pipeline\\Pipeline.php(180): Illuminate\\Foundation\\Http\\Middleware\\PreventRequestsDuringMaintenance->handle(Object(Illuminate\\Http\\Request), Object(Closure))
#34 C:\\Users\\bapti\\OneDrive\\Documents\\IMT\\M1\\projet suivi\\ProjetSuiviStage\\projet-suivi\\vendor\\laravel\\framework\\src\\Illuminate\\Http\\Middleware\\HandleCors.php(49): Illuminate\\Pipeline\\Pipeline->Illuminate\\Pipeline\\{closure}(Object(Illuminate\\Http\\Request))
#35 C:\\Users\\bapti\\OneDrive\\Documents\\IMT\\M1\\projet suivi\\ProjetSuiviStage\\projet-suivi\\vendor\\laravel\\framework\\src\\Illuminate\\Pipeline\\Pipeline.php(180): Illuminate\\Http\\Middleware\\HandleCors->handle(Object(Illuminate\\Http\\Request), Object(Closure))
#36 C:\\Users\\bapti\\OneDrive\\Documents\\IMT\\M1\\projet suivi\\ProjetSuiviStage\\projet-suivi\\vendor\\laravel\\framework\\src\\Illuminate\\Http\\Middleware\\TrustProxies.php(39): Illuminate\\Pipeline\\Pipeline->Illuminate\\Pipeline\\{closure}(Object(Illuminate\\Http\\Request))
#37 C:\\Users\\bapti\\OneDrive\\Documents\\IMT\\M1\\projet suivi\\ProjetSuiviStage\\projet-suivi\\vendor\\laravel\\framework\\src\\Illuminate\\Pipeline\\Pipeline.php(180): Illuminate\\Http\\Middleware\\TrustProxies->handle(Object(Illuminate\\Http\\Request), Object(Closure))
#38 C:\\Users\\bapti\\OneDrive\\Documents\\IMT\\M1\\projet suivi\\ProjetSuiviStage\\projet-suivi\\vendor\\laravel\\framework\\src\\Illuminate\\Pipeline\\Pipeline.php(116): Illuminate\\Pipeline\\Pipeline->Illuminate\\Pipeline\\{closure}(Object(Illuminate\\Http\\Request))
#39 C:\\Users\\bapti\\OneDrive\\Documents\\IMT\\M1\\projet suivi\\ProjetSuiviStage\\projet-suivi\\vendor\\laravel\\framework\\src\\Illuminate\\Foundation\\Http\\Kernel.php(165): Illuminate\\Pipeline\\Pipeline->then(Object(Closure))
#40 C:\\Users\\bapti\\OneDrive\\Documents\\IMT\\M1\\projet suivi\\ProjetSuiviStage\\projet-suivi\\vendor\\laravel\\framework\\src\\Illuminate\\Foundation\\Http\\Kernel.php(134): Illuminate\\Foundation\\Http\\Kernel->sendRequestThroughRouter(Object(Illuminate\\Http\\Request))
#41 C:\\Users\\bapti\\OneDrive\\Documents\\IMT\\M1\\projet suivi\\ProjetSuiviStage\\projet-suivi\\public\\index.php(52): Illuminate\\Foundation\\Http\\Kernel->handle(Object(Illuminate\\Http\\Request))
#42 {main}
"} 
[2023-02-07 08:59:27] production.ERROR: No application encryption key has been specified. {"exception":"[object] (Illuminate\\Encryption\\MissingAppKeyException(code: 0): No application encryption key has been specified. at C:\\Users\\bapti\\OneDrive\\Documents\\IMT\\M1\\projet suivi\\ProjetSuiviStage\\projet-suivi\\vendor\\laravel\\framework\\src\\Illuminate\\Encryption\\EncryptionServiceProvider.php:79)
[stacktrace]
#0 C:\\Users\\bapti\\OneDrive\\Documents\\IMT\\M1\\projet suivi\\ProjetSuiviStage\\projet-suivi\\vendor\\laravel\\framework\\src\\Illuminate\\Support\\helpers.php(306): Illuminate\\Encryption\\EncryptionServiceProvider->Illuminate\\Encryption\\{closure}(NULL)
#1 C:\\Users\\bapti\\OneDrive\\Documents\\IMT\\M1\\projet suivi\\ProjetSuiviStage\\projet-suivi\\vendor\\laravel\\framework\\src\\Illuminate\\Encryption\\EncryptionServiceProvider.php(81): tap(NULL, Object(Closure))
#2 C:\\Users\\bapti\\OneDrive\\Documents\\IMT\\M1\\projet suivi\\ProjetSuiviStage\\projet-suivi\\vendor\\laravel\\framework\\src\\Illuminate\\Encryption\\EncryptionServiceProvider.php(60): Illuminate\\Encryption\\EncryptionServiceProvider->key(Array)
#3 C:\\Users\\bapti\\OneDrive\\Documents\\IMT\\M1\\projet suivi\\ProjetSuiviStage\\projet-suivi\\vendor\\laravel\\framework\\src\\Illuminate\\Encryption\\EncryptionServiceProvider.php(32): Illuminate\\Encryption\\EncryptionServiceProvider->parseKey(Array)
#4 C:\\Users\\bapti\\OneDrive\\Documents\\IMT\\M1\\projet suivi\\ProjetSuiviStage\\projet-suivi\\vendor\\laravel\\framework\\src\\Illuminate\\Container\\Container.php(885): Illuminate\\Encryption\\EncryptionServiceProvider->Illuminate\\Encryption\\{closure}(Object(Illuminate\\Foundation\\Application), Array)
#5 C:\\Users\\bapti\\OneDrive\\Documents\\IMT\\M1\\projet suivi\\ProjetSuiviStage\\projet-suivi\\vendor\\laravel\\framework\\src\\Illuminate\\Container\\Container.php(770): Illuminate\\Container\\Container->build(Object(Closure))
#6 C:\\Users\\bapti\\OneDrive\\Documents\\IMT\\M1\\projet suivi\\ProjetSuiviStage\\projet-suivi\\vendor\\laravel\\framework\\src\\Illuminate\\Foundation\\Application.php(856): Illuminate\\Container\\Container->resolve('encrypter', Array, true)
#7 C:\\Users\\bapti\\OneDrive\\Documents\\IMT\\M1\\projet suivi\\ProjetSuiviStage\\projet-suivi\\vendor\\laravel\\framework\\src\\Illuminate\\Container\\Container.php(706): Illuminate\\Foundation\\Application->resolve('encrypter', Array)
#8 C:\\Users\\bapti\\OneDrive\\Documents\\IMT\\M1\\projet suivi\\ProjetSuiviStage\\projet-suivi\\vendor\\laravel\\framework\\src\\Illuminate\\Foundation\\Application.php(841): Illuminate\\Container\\Container->make('encrypter', Array)
#9 C:\\Users\\bapti\\OneDrive\\Documents\\IMT\\M1\\projet suivi\\ProjetSuiviStage\\projet-suivi\\vendor\\laravel\\framework\\src\\Illuminate\\Container\\Container.php(1043): Illuminate\\Foundation\\Application->make('encrypter')
#10 C:\\Users\\bapti\\OneDrive\\Documents\\IMT\\M1\\projet suivi\\ProjetSuiviStage\\projet-suivi\\vendor\\laravel\\framework\\src\\Illuminate\\Container\\Container.php(959): Illuminate\\Container\\Container->resolveClass(Object(ReflectionParameter))
#11 C:\\Users\\bapti\\OneDrive\\Documents\\IMT\\M1\\projet suivi\\ProjetSuiviStage\\projet-suivi\\vendor\\laravel\\framework\\src\\Illuminate\\Container\\Container.php(920): Illuminate\\Container\\Container->resolveDependencies(Array)
#12 C:\\Users\\bapti\\OneDrive\\Documents\\IMT\\M1\\projet suivi\\ProjetSuiviStage\\projet-suivi\\vendor\\laravel\\framework\\src\\Illuminate\\Container\\Container.php(770): Illuminate\\Container\\Container->build('App\\\\Http\\\\Middle...')
#13 C:\\Users\\bapti\\OneDrive\\Documents\\IMT\\M1\\projet suivi\\ProjetSuiviStage\\projet-suivi\\vendor\\laravel\\framework\\src\\Illuminate\\Foundation\\Application.php(856): Illuminate\\Container\\Container->resolve('App\\\\Http\\\\Middle...', Array, true)
#14 C:\\Users\\bapti\\OneDrive\\Documents\\IMT\\M1\\projet suivi\\ProjetSuiviStage\\projet-suivi\\vendor\\laravel\\framework\\src\\Illuminate\\Container\\Container.php(706): Illuminate\\Foundation\\Application->resolve('App\\\\Http\\\\Middle...', Array)
#15 C:\\Users\\bapti\\OneDrive\\Documents\\IMT\\M1\\projet suivi\\ProjetSuiviStage\\projet-suivi\\vendor\\laravel\\framework\\src\\Illuminate\\Foundation\\Application.php(841): Illuminate\\Container\\Container->make('App\\\\Http\\\\Middle...', Array)
#16 C:\\Users\\bapti\\OneDrive\\Documents\\IMT\\M1\\projet suivi\\ProjetSuiviStage\\projet-suivi\\vendor\\laravel\\framework\\src\\Illuminate\\Foundation\\Http\\Kernel.php(239): Illuminate\\Foundation\\Application->make('App\\\\Http\\\\Middle...')
#17 C:\\Users\\bapti\\OneDrive\\Documents\\IMT\\M1\\projet suivi\\ProjetSuiviStage\\projet-suivi\\vendor\\laravel\\framework\\src\\Illuminate\\Foundation\\Http\\Kernel.php(203): Illuminate\\Foundation\\Http\\Kernel->terminateMiddleware(Object(Illuminate\\Http\\Request), Object(Illuminate\\Http\\Response))
#18 C:\\Users\\bapti\\OneDrive\\Documents\\IMT\\M1\\projet suivi\\ProjetSuiviStage\\projet-suivi\\public\\index.php(55): Illuminate\\Foundation\\Http\\Kernel->terminate(Object(Illuminate\\Http\\Request), Object(Illuminate\\Http\\Response))
#19 {main}
"} 
[2023-02-07 09:02:41] production.ERROR: No application encryption key has been specified. {"exception":"[object] (Illuminate\\Encryption\\MissingAppKeyException(code: 0): No application encryption key has been specified. at C:\\Users\\bapti\\OneDrive\\Documents\\IMT\\M1\\projet suivi\\ProjetSuiviStage\\projet-suivi\\vendor\\laravel\\framework\\src\\Illuminate\\Encryption\\EncryptionServiceProvider.php:79)
[stacktrace]
#0 C:\\Users\\bapti\\OneDrive\\Documents\\IMT\\M1\\projet suivi\\ProjetSuiviStage\\projet-suivi\\vendor\\laravel\\framework\\src\\Illuminate\\Support\\helpers.php(306): Illuminate\\Encryption\\EncryptionServiceProvider->Illuminate\\Encryption\\{closure}(NULL)
#1 C:\\Users\\bapti\\OneDrive\\Documents\\IMT\\M1\\projet suivi\\ProjetSuiviStage\\projet-suivi\\vendor\\laravel\\framework\\src\\Illuminate\\Encryption\\EncryptionServiceProvider.php(81): tap(NULL, Object(Closure))
#2 C:\\Users\\bapti\\OneDrive\\Documents\\IMT\\M1\\projet suivi\\ProjetSuiviStage\\projet-suivi\\vendor\\laravel\\framework\\src\\Illuminate\\Encryption\\EncryptionServiceProvider.php(60): Illuminate\\Encryption\\EncryptionServiceProvider->key(Array)
#3 C:\\Users\\bapti\\OneDrive\\Documents\\IMT\\M1\\projet suivi\\ProjetSuiviStage\\projet-suivi\\vendor\\laravel\\framework\\src\\Illuminate\\Encryption\\EncryptionServiceProvider.php(32): Illuminate\\Encryption\\EncryptionServiceProvider->parseKey(Array)
#4 C:\\Users\\bapti\\OneDrive\\Documents\\IMT\\M1\\projet suivi\\ProjetSuiviStage\\projet-suivi\\vendor\\laravel\\framework\\src\\Illuminate\\Container\\Container.php(885): Illuminate\\Encryption\\EncryptionServiceProvider->Illuminate\\Encryption\\{closure}(Object(Illuminate\\Foundation\\Application), Array)
#5 C:\\Users\\bapti\\OneDrive\\Documents\\IMT\\M1\\projet suivi\\ProjetSuiviStage\\projet-suivi\\vendor\\laravel\\framework\\src\\Illuminate\\Container\\Container.php(770): Illuminate\\Container\\Container->build(Object(Closure))
#6 C:\\Users\\bapti\\OneDrive\\Documents\\IMT\\M1\\projet suivi\\ProjetSuiviStage\\projet-suivi\\vendor\\laravel\\framework\\src\\Illuminate\\Foundation\\Application.php(856): Illuminate\\Container\\Container->resolve('encrypter', Array, true)
#7 C:\\Users\\bapti\\OneDrive\\Documents\\IMT\\M1\\projet suivi\\ProjetSuiviStage\\projet-suivi\\vendor\\laravel\\framework\\src\\Illuminate\\Container\\Container.php(706): Illuminate\\Foundation\\Application->resolve('encrypter', Array)
#8 C:\\Users\\bapti\\OneDrive\\Documents\\IMT\\M1\\projet suivi\\ProjetSuiviStage\\projet-suivi\\vendor\\laravel\\framework\\src\\Illuminate\\Foundation\\Application.php(841): Illuminate\\Container\\Container->make('encrypter', Array)
#9 C:\\Users\\bapti\\OneDrive\\Documents\\IMT\\M1\\projet suivi\\ProjetSuiviStage\\projet-suivi\\vendor\\laravel\\framework\\src\\Illuminate\\Container\\Container.php(1043): Illuminate\\Foundation\\Application->make('encrypter')
#10 C:\\Users\\bapti\\OneDrive\\Documents\\IMT\\M1\\projet suivi\\ProjetSuiviStage\\projet-suivi\\vendor\\laravel\\framework\\src\\Illuminate\\Container\\Container.php(959): Illuminate\\Container\\Container->resolveClass(Object(ReflectionParameter))
#11 C:\\Users\\bapti\\OneDrive\\Documents\\IMT\\M1\\projet suivi\\ProjetSuiviStage\\projet-suivi\\vendor\\laravel\\framework\\src\\Illuminate\\Container\\Container.php(920): Illuminate\\Container\\Container->resolveDependencies(Array)
#12 C:\\Users\\bapti\\OneDrive\\Documents\\IMT\\M1\\projet suivi\\ProjetSuiviStage\\projet-suivi\\vendor\\laravel\\framework\\src\\Illuminate\\Container\\Container.php(770): Illuminate\\Container\\Container->build('App\\\\Http\\\\Middle...')
#13 C:\\Users\\bapti\\OneDrive\\Documents\\IMT\\M1\\projet suivi\\ProjetSuiviStage\\projet-suivi\\vendor\\laravel\\framework\\src\\Illuminate\\Foundation\\Application.php(856): Illuminate\\Container\\Container->resolve('App\\\\Http\\\\Middle...', Array, true)
#14 C:\\Users\\bapti\\OneDrive\\Documents\\IMT\\M1\\projet suivi\\ProjetSuiviStage\\projet-suivi\\vendor\\laravel\\framework\\src\\Illuminate\\Container\\Container.php(706): Illuminate\\Foundation\\Application->resolve('App\\\\Http\\\\Middle...', Array)
#15 C:\\Users\\bapti\\OneDrive\\Documents\\IMT\\M1\\projet suivi\\ProjetSuiviStage\\projet-suivi\\vendor\\laravel\\framework\\src\\Illuminate\\Foundation\\Application.php(841): Illuminate\\Container\\Container->make('App\\\\Http\\\\Middle...', Array)
#16 C:\\Users\\bapti\\OneDrive\\Documents\\IMT\\M1\\projet suivi\\ProjetSuiviStage\\projet-suivi\\vendor\\laravel\\framework\\src\\Illuminate\\Pipeline\\Pipeline.php(169): Illuminate\\Foundation\\Application->make('App\\\\Http\\\\Middle...')
#17 C:\\Users\\bapti\\OneDrive\\Documents\\IMT\\M1\\projet suivi\\ProjetSuiviStage\\projet-suivi\\vendor\\laravel\\framework\\src\\Illuminate\\Pipeline\\Pipeline.php(116): Illuminate\\Pipeline\\Pipeline->Illuminate\\Pipeline\\{closure}(Object(Illuminate\\Http\\Request))
#18 C:\\Users\\bapti\\OneDrive\\Documents\\IMT\\M1\\projet suivi\\ProjetSuiviStage\\projet-suivi\\vendor\\laravel\\framework\\src\\Illuminate\\Routing\\Router.php(799): Illuminate\\Pipeline\\Pipeline->then(Object(Closure))
#19 C:\\Users\\bapti\\OneDrive\\Documents\\IMT\\M1\\projet suivi\\ProjetSuiviStage\\projet-suivi\\vendor\\laravel\\framework\\src\\Illuminate\\Routing\\Router.php(776): Illuminate\\Routing\\Router->runRouteWithinStack(Object(Illuminate\\Routing\\Route), Object(Illuminate\\Http\\Request))
#20 C:\\Users\\bapti\\OneDrive\\Documents\\IMT\\M1\\projet suivi\\ProjetSuiviStage\\projet-suivi\\vendor\\laravel\\framework\\src\\Illuminate\\Routing\\Router.php(740): Illuminate\\Routing\\Router->runRoute(Object(Illuminate\\Http\\Request), Object(Illuminate\\Routing\\Route))
#21 C:\\Users\\bapti\\OneDrive\\Documents\\IMT\\M1\\projet suivi\\ProjetSuiviStage\\projet-suivi\\vendor\\laravel\\framework\\src\\Illuminate\\Routing\\Router.php(729): Illuminate\\Routing\\Router->dispatchToRoute(Object(Illuminate\\Http\\Request))
#22 C:\\Users\\bapti\\OneDrive\\Documents\\IMT\\M1\\projet suivi\\ProjetSuiviStage\\projet-suivi\\vendor\\laravel\\framework\\src\\Illuminate\\Foundation\\Http\\Kernel.php(190): Illuminate\\Routing\\Router->dispatch(Object(Illuminate\\Http\\Request))
#23 C:\\Users\\bapti\\OneDrive\\Documents\\IMT\\M1\\projet suivi\\ProjetSuiviStage\\projet-suivi\\vendor\\laravel\\framework\\src\\Illuminate\\Pipeline\\Pipeline.php(141): Illuminate\\Foundation\\Http\\Kernel->Illuminate\\Foundation\\Http\\{closure}(Object(Illuminate\\Http\\Request))
#24 C:\\Users\\bapti\\OneDrive\\Documents\\IMT\\M1\\projet suivi\\ProjetSuiviStage\\projet-suivi\\vendor\\laravel\\framework\\src\\Illuminate\\Foundation\\Http\\Middleware\\TransformsRequest.php(21): Illuminate\\Pipeline\\Pipeline->Illuminate\\Pipeline\\{closure}(Object(Illuminate\\Http\\Request))
#25 C:\\Users\\bapti\\OneDrive\\Documents\\IMT\\M1\\projet suivi\\ProjetSuiviStage\\projet-suivi\\vendor\\laravel\\framework\\src\\Illuminate\\Foundation\\Http\\Middleware\\ConvertEmptyStringsToNull.php(31): Illuminate\\Foundation\\Http\\Middleware\\TransformsRequest->handle(Object(Illuminate\\Http\\Request), Object(Closure))
#26 C:\\Users\\bapti\\OneDrive\\Documents\\IMT\\M1\\projet suivi\\ProjetSuiviStage\\projet-suivi\\vendor\\laravel\\framework\\src\\Illuminate\\Pipeline\\Pipeline.php(180): Illuminate\\Foundation\\Http\\Middleware\\ConvertEmptyStringsToNull->handle(Object(Illuminate\\Http\\Request), Object(Closure))
#27 C:\\Users\\bapti\\OneDrive\\Documents\\IMT\\M1\\projet suivi\\ProjetSuiviStage\\projet-suivi\\vendor\\laravel\\framework\\src\\Illuminate\\Foundation\\Http\\Middleware\\TransformsRequest.php(21): Illuminate\\Pipeline\\Pipeline->Illuminate\\Pipeline\\{closure}(Object(Illuminate\\Http\\Request))
#28 C:\\Users\\bapti\\OneDrive\\Documents\\IMT\\M1\\projet suivi\\ProjetSuiviStage\\projet-suivi\\vendor\\laravel\\framework\\src\\Illuminate\\Foundation\\Http\\Middleware\\TrimStrings.php(40): Illuminate\\Foundation\\Http\\Middleware\\TransformsRequest->handle(Object(Illuminate\\Http\\Request), Object(Closure))
#29 C:\\Users\\bapti\\OneDrive\\Documents\\IMT\\M1\\projet suivi\\ProjetSuiviStage\\projet-suivi\\vendor\\laravel\\framework\\src\\Illuminate\\Pipeline\\Pipeline.php(180): Illuminate\\Foundation\\Http\\Middleware\\TrimStrings->handle(Object(Illuminate\\Http\\Request), Object(Closure))
#30 C:\\Users\\bapti\\OneDrive\\Documents\\IMT\\M1\\projet suivi\\ProjetSuiviStage\\projet-suivi\\vendor\\laravel\\framework\\src\\Illuminate\\Foundation\\Http\\Middleware\\ValidatePostSize.php(27): Illuminate\\Pipeline\\Pipeline->Illuminate\\Pipeline\\{closure}(Object(Illuminate\\Http\\Request))
#31 C:\\Users\\bapti\\OneDrive\\Documents\\IMT\\M1\\projet suivi\\ProjetSuiviStage\\projet-suivi\\vendor\\laravel\\framework\\src\\Illuminate\\Pipeline\\Pipeline.php(180): Illuminate\\Foundation\\Http\\Middleware\\ValidatePostSize->handle(Object(Illuminate\\Http\\Request), Object(Closure))
#32 C:\\Users\\bapti\\OneDrive\\Documents\\IMT\\M1\\projet suivi\\ProjetSuiviStage\\projet-suivi\\vendor\\laravel\\framework\\src\\Illuminate\\Foundation\\Http\\Middleware\\PreventRequestsDuringMaintenance.php(86): Illuminate\\Pipeline\\Pipeline->Illuminate\\Pipeline\\{closure}(Object(Illuminate\\Http\\Request))
#33 C:\\Users\\bapti\\OneDrive\\Documents\\IMT\\M1\\projet suivi\\ProjetSuiviStage\\projet-suivi\\vendor\\laravel\\framework\\src\\Illuminate\\Pipeline\\Pipeline.php(180): Illuminate\\Foundation\\Http\\Middleware\\PreventRequestsDuringMaintenance->handle(Object(Illuminate\\Http\\Request), Object(Closure))
#34 C:\\Users\\bapti\\OneDrive\\Documents\\IMT\\M1\\projet suivi\\ProjetSuiviStage\\projet-suivi\\vendor\\laravel\\framework\\src\\Illuminate\\Http\\Middleware\\HandleCors.php(49): Illuminate\\Pipeline\\Pipeline->Illuminate\\Pipeline\\{closure}(Object(Illuminate\\Http\\Request))
#35 C:\\Users\\bapti\\OneDrive\\Documents\\IMT\\M1\\projet suivi\\ProjetSuiviStage\\projet-suivi\\vendor\\laravel\\framework\\src\\Illuminate\\Pipeline\\Pipeline.php(180): Illuminate\\Http\\Middleware\\HandleCors->handle(Object(Illuminate\\Http\\Request), Object(Closure))
#36 C:\\Users\\bapti\\OneDrive\\Documents\\IMT\\M1\\projet suivi\\ProjetSuiviStage\\projet-suivi\\vendor\\laravel\\framework\\src\\Illuminate\\Http\\Middleware\\TrustProxies.php(39): Illuminate\\Pipeline\\Pipeline->Illuminate\\Pipeline\\{closure}(Object(Illuminate\\Http\\Request))
#37 C:\\Users\\bapti\\OneDrive\\Documents\\IMT\\M1\\projet suivi\\ProjetSuiviStage\\projet-suivi\\vendor\\laravel\\framework\\src\\Illuminate\\Pipeline\\Pipeline.php(180): Illuminate\\Http\\Middleware\\TrustProxies->handle(Object(Illuminate\\Http\\Request), Object(Closure))
#38 C:\\Users\\bapti\\OneDrive\\Documents\\IMT\\M1\\projet suivi\\ProjetSuiviStage\\projet-suivi\\vendor\\laravel\\framework\\src\\Illuminate\\Pipeline\\Pipeline.php(116): Illuminate\\Pipeline\\Pipeline->Illuminate\\Pipeline\\{closure}(Object(Illuminate\\Http\\Request))
#39 C:\\Users\\bapti\\OneDrive\\Documents\\IMT\\M1\\projet suivi\\ProjetSuiviStage\\projet-suivi\\vendor\\laravel\\framework\\src\\Illuminate\\Foundation\\Http\\Kernel.php(165): Illuminate\\Pipeline\\Pipeline->then(Object(Closure))
#40 C:\\Users\\bapti\\OneDrive\\Documents\\IMT\\M1\\projet suivi\\ProjetSuiviStage\\projet-suivi\\vendor\\laravel\\framework\\src\\Illuminate\\Foundation\\Http\\Kernel.php(134): Illuminate\\Foundation\\Http\\Kernel->sendRequestThroughRouter(Object(Illuminate\\Http\\Request))
#41 C:\\Users\\bapti\\OneDrive\\Documents\\IMT\\M1\\projet suivi\\ProjetSuiviStage\\projet-suivi\\public\\index.php(52): Illuminate\\Foundation\\Http\\Kernel->handle(Object(Illuminate\\Http\\Request))
#42 {main}
"} 
[2023-02-07 09:02:41] production.ERROR: No application encryption key has been specified. {"exception":"[object] (Illuminate\\Encryption\\MissingAppKeyException(code: 0): No application encryption key has been specified. at C:\\Users\\bapti\\OneDrive\\Documents\\IMT\\M1\\projet suivi\\ProjetSuiviStage\\projet-suivi\\vendor\\laravel\\framework\\src\\Illuminate\\Encryption\\EncryptionServiceProvider.php:79)
[stacktrace]
#0 C:\\Users\\bapti\\OneDrive\\Documents\\IMT\\M1\\projet suivi\\ProjetSuiviStage\\projet-suivi\\vendor\\laravel\\framework\\src\\Illuminate\\Support\\helpers.php(306): Illuminate\\Encryption\\EncryptionServiceProvider->Illuminate\\Encryption\\{closure}(NULL)
#1 C:\\Users\\bapti\\OneDrive\\Documents\\IMT\\M1\\projet suivi\\ProjetSuiviStage\\projet-suivi\\vendor\\laravel\\framework\\src\\Illuminate\\Encryption\\EncryptionServiceProvider.php(81): tap(NULL, Object(Closure))
#2 C:\\Users\\bapti\\OneDrive\\Documents\\IMT\\M1\\projet suivi\\ProjetSuiviStage\\projet-suivi\\vendor\\laravel\\framework\\src\\Illuminate\\Encryption\\EncryptionServiceProvider.php(60): Illuminate\\Encryption\\EncryptionServiceProvider->key(Array)
#3 C:\\Users\\bapti\\OneDrive\\Documents\\IMT\\M1\\projet suivi\\ProjetSuiviStage\\projet-suivi\\vendor\\laravel\\framework\\src\\Illuminate\\Encryption\\EncryptionServiceProvider.php(32): Illuminate\\Encryption\\EncryptionServiceProvider->parseKey(Array)
#4 C:\\Users\\bapti\\OneDrive\\Documents\\IMT\\M1\\projet suivi\\ProjetSuiviStage\\projet-suivi\\vendor\\laravel\\framework\\src\\Illuminate\\Container\\Container.php(885): Illuminate\\Encryption\\EncryptionServiceProvider->Illuminate\\Encryption\\{closure}(Object(Illuminate\\Foundation\\Application), Array)
#5 C:\\Users\\bapti\\OneDrive\\Documents\\IMT\\M1\\projet suivi\\ProjetSuiviStage\\projet-suivi\\vendor\\laravel\\framework\\src\\Illuminate\\Container\\Container.php(770): Illuminate\\Container\\Container->build(Object(Closure))
#6 C:\\Users\\bapti\\OneDrive\\Documents\\IMT\\M1\\projet suivi\\ProjetSuiviStage\\projet-suivi\\vendor\\laravel\\framework\\src\\Illuminate\\Foundation\\Application.php(856): Illuminate\\Container\\Container->resolve('encrypter', Array, true)
#7 C:\\Users\\bapti\\OneDrive\\Documents\\IMT\\M1\\projet suivi\\ProjetSuiviStage\\projet-suivi\\vendor\\laravel\\framework\\src\\Illuminate\\Container\\Container.php(706): Illuminate\\Foundation\\Application->resolve('encrypter', Array)
#8 C:\\Users\\bapti\\OneDrive\\Documents\\IMT\\M1\\projet suivi\\ProjetSuiviStage\\projet-suivi\\vendor\\laravel\\framework\\src\\Illuminate\\Foundation\\Application.php(841): Illuminate\\Container\\Container->make('encrypter', Array)
#9 C:\\Users\\bapti\\OneDrive\\Documents\\IMT\\M1\\projet suivi\\ProjetSuiviStage\\projet-suivi\\vendor\\laravel\\framework\\src\\Illuminate\\Container\\Container.php(1043): Illuminate\\Foundation\\Application->make('encrypter')
#10 C:\\Users\\bapti\\OneDrive\\Documents\\IMT\\M1\\projet suivi\\ProjetSuiviStage\\projet-suivi\\vendor\\laravel\\framework\\src\\Illuminate\\Container\\Container.php(959): Illuminate\\Container\\Container->resolveClass(Object(ReflectionParameter))
#11 C:\\Users\\bapti\\OneDrive\\Documents\\IMT\\M1\\projet suivi\\ProjetSuiviStage\\projet-suivi\\vendor\\laravel\\framework\\src\\Illuminate\\Container\\Container.php(920): Illuminate\\Container\\Container->resolveDependencies(Array)
#12 C:\\Users\\bapti\\OneDrive\\Documents\\IMT\\M1\\projet suivi\\ProjetSuiviStage\\projet-suivi\\vendor\\laravel\\framework\\src\\Illuminate\\Container\\Container.php(770): Illuminate\\Container\\Container->build('App\\\\Http\\\\Middle...')
#13 C:\\Users\\bapti\\OneDrive\\Documents\\IMT\\M1\\projet suivi\\ProjetSuiviStage\\projet-suivi\\vendor\\laravel\\framework\\src\\Illuminate\\Foundation\\Application.php(856): Illuminate\\Container\\Container->resolve('App\\\\Http\\\\Middle...', Array, true)
#14 C:\\Users\\bapti\\OneDrive\\Documents\\IMT\\M1\\projet suivi\\ProjetSuiviStage\\projet-suivi\\vendor\\laravel\\framework\\src\\Illuminate\\Container\\Container.php(706): Illuminate\\Foundation\\Application->resolve('App\\\\Http\\\\Middle...', Array)
#15 C:\\Users\\bapti\\OneDrive\\Documents\\IMT\\M1\\projet suivi\\ProjetSuiviStage\\projet-suivi\\vendor\\laravel\\framework\\src\\Illuminate\\Foundation\\Application.php(841): Illuminate\\Container\\Container->make('App\\\\Http\\\\Middle...', Array)
#16 C:\\Users\\bapti\\OneDrive\\Documents\\IMT\\M1\\projet suivi\\ProjetSuiviStage\\projet-suivi\\vendor\\laravel\\framework\\src\\Illuminate\\Foundation\\Http\\Kernel.php(239): Illuminate\\Foundation\\Application->make('App\\\\Http\\\\Middle...')
#17 C:\\Users\\bapti\\OneDrive\\Documents\\IMT\\M1\\projet suivi\\ProjetSuiviStage\\projet-suivi\\vendor\\laravel\\framework\\src\\Illuminate\\Foundation\\Http\\Kernel.php(203): Illuminate\\Foundation\\Http\\Kernel->terminateMiddleware(Object(Illuminate\\Http\\Request), Object(Illuminate\\Http\\Response))
#18 C:\\Users\\bapti\\OneDrive\\Documents\\IMT\\M1\\projet suivi\\ProjetSuiviStage\\projet-suivi\\public\\index.php(55): Illuminate\\Foundation\\Http\\Kernel->terminate(Object(Illuminate\\Http\\Request), Object(Illuminate\\Http\\Response))
#19 {main}
"} 
[2023-02-07 09:03:03] production.ERROR: file_get_contents(C:\Users\bapti\OneDrive\Documents\IMT\M1\projet suivi\ProjetSuiviStage\projet-suivi\.env): Failed to open stream: No such file or directory {"exception":"[object] (ErrorException(code: 0): file_get_contents(C:\\Users\\bapti\\OneDrive\\Documents\\IMT\\M1\\projet suivi\\ProjetSuiviStage\\projet-suivi\\.env): Failed to open stream: No such file or directory at C:\\Users\\bapti\\OneDrive\\Documents\\IMT\\M1\\projet suivi\\ProjetSuiviStage\\projet-suivi\\vendor\\laravel\\framework\\src\\Illuminate\\Foundation\\Console\\KeyGenerateCommand.php:111)
[stacktrace]
#0 C:\\Users\\bapti\\OneDrive\\Documents\\IMT\\M1\\projet suivi\\ProjetSuiviStage\\projet-suivi\\vendor\\laravel\\framework\\src\\Illuminate\\Foundation\\Bootstrap\\HandleExceptions.php(266): Illuminate\\Foundation\\Bootstrap\\HandleExceptions->handleError()
#1 [internal function]: Illuminate\\Foundation\\Bootstrap\\HandleExceptions->Illuminate\\Foundation\\Bootstrap\\{closure}()
#2 C:\\Users\\bapti\\OneDrive\\Documents\\IMT\\M1\\projet suivi\\ProjetSuiviStage\\projet-suivi\\vendor\\laravel\\framework\\src\\Illuminate\\Foundation\\Console\\KeyGenerateCommand.php(111): file_get_contents()
#3 C:\\Users\\bapti\\OneDrive\\Documents\\IMT\\M1\\projet suivi\\ProjetSuiviStage\\projet-suivi\\vendor\\laravel\\framework\\src\\Illuminate\\Foundation\\Console\\KeyGenerateCommand.php(93): Illuminate\\Foundation\\Console\\KeyGenerateCommand->writeNewEnvironmentFileWith()
#4 C:\\Users\\bapti\\OneDrive\\Documents\\IMT\\M1\\projet suivi\\ProjetSuiviStage\\projet-suivi\\vendor\\laravel\\framework\\src\\Illuminate\\Foundation\\Console\\KeyGenerateCommand.php(58): Illuminate\\Foundation\\Console\\KeyGenerateCommand->setKeyInEnvironmentFile()
#5 C:\\Users\\bapti\\OneDrive\\Documents\\IMT\\M1\\projet suivi\\ProjetSuiviStage\\projet-suivi\\vendor\\laravel\\framework\\src\\Illuminate\\Container\\BoundMethod.php(36): Illuminate\\Foundation\\Console\\KeyGenerateCommand->handle()
#6 C:\\Users\\bapti\\OneDrive\\Documents\\IMT\\M1\\projet suivi\\ProjetSuiviStage\\projet-suivi\\vendor\\laravel\\framework\\src\\Illuminate\\Container\\Util.php(41): Illuminate\\Container\\BoundMethod::Illuminate\\Container\\{closure}()
#7 C:\\Users\\bapti\\OneDrive\\Documents\\IMT\\M1\\projet suivi\\ProjetSuiviStage\\projet-suivi\\vendor\\laravel\\framework\\src\\Illuminate\\Container\\BoundMethod.php(93): Illuminate\\Container\\Util::unwrapIfClosure()
#8 C:\\Users\\bapti\\OneDrive\\Documents\\IMT\\M1\\projet suivi\\ProjetSuiviStage\\projet-suivi\\vendor\\laravel\\framework\\src\\Illuminate\\Container\\BoundMethod.php(35): Illuminate\\Container\\BoundMethod::callBoundMethod()
#9 C:\\Users\\bapti\\OneDrive\\Documents\\IMT\\M1\\projet suivi\\ProjetSuiviStage\\projet-suivi\\vendor\\laravel\\framework\\src\\Illuminate\\Container\\Container.php(661): Illuminate\\Container\\BoundMethod::call()
#10 C:\\Users\\bapti\\OneDrive\\Documents\\IMT\\M1\\projet suivi\\ProjetSuiviStage\\projet-suivi\\vendor\\laravel\\framework\\src\\Illuminate\\Console\\Command.php(183): Illuminate\\Container\\Container->call()
#11 C:\\Users\\bapti\\OneDrive\\Documents\\IMT\\M1\\projet suivi\\ProjetSuiviStage\\projet-suivi\\vendor\\symfony\\console\\Command\\Command.php(312): Illuminate\\Console\\Command->execute()
#12 C:\\Users\\bapti\\OneDrive\\Documents\\IMT\\M1\\projet suivi\\ProjetSuiviStage\\projet-suivi\\vendor\\laravel\\framework\\src\\Illuminate\\Console\\Command.php(152): Symfony\\Component\\Console\\Command\\Command->run()
#13 C:\\Users\\bapti\\OneDrive\\Documents\\IMT\\M1\\projet suivi\\ProjetSuiviStage\\projet-suivi\\vendor\\symfony\\console\\Application.php(1022): Illuminate\\Console\\Command->run()
#14 C:\\Users\\bapti\\OneDrive\\Documents\\IMT\\M1\\projet suivi\\ProjetSuiviStage\\projet-suivi\\vendor\\symfony\\console\\Application.php(314): Symfony\\Component\\Console\\Application->doRunCommand()
#15 C:\\Users\\bapti\\OneDrive\\Documents\\IMT\\M1\\projet suivi\\ProjetSuiviStage\\projet-suivi\\vendor\\symfony\\console\\Application.php(168): Symfony\\Component\\Console\\Application->doRun()
#16 C:\\Users\\bapti\\OneDrive\\Documents\\IMT\\M1\\projet suivi\\ProjetSuiviStage\\projet-suivi\\vendor\\laravel\\framework\\src\\Illuminate\\Console\\Application.php(102): Symfony\\Component\\Console\\Application->run()
#17 C:\\Users\\bapti\\OneDrive\\Documents\\IMT\\M1\\projet suivi\\ProjetSuiviStage\\projet-suivi\\vendor\\laravel\\framework\\src\\Illuminate\\Foundation\\Console\\Kernel.php(155): Illuminate\\Console\\Application->run()
#18 C:\\Users\\bapti\\OneDrive\\Documents\\IMT\\M1\\projet suivi\\ProjetSuiviStage\\projet-suivi\\artisan(35): Illuminate\\Foundation\\Console\\Kernel->handle()
#19 {main}
"} 
